{"C:\\vs.code\\node-teste-back-end\\src\\modules\\user\\services\\CreateUserService.ts": {"path":"C:\\vs.code\\node-teste-back-end\\src\\modules\\user\\services\\CreateUserService.ts","all":false,"statementMap":{"0":{"start":{"line":1,"column":0},"end":{"line":1,"column":49}},"1":{"start":{"line":2,"column":0},"end":{"line":2,"column":46}},"2":{"start":{"line":3,"column":0},"end":{"line":3,"column":39}},"3":{"start":{"line":4,"column":0},"end":{"line":4,"column":66}},"4":{"start":{"line":5,"column":0},"end":{"line":5,"column":0}},"5":{"start":{"line":6,"column":0},"end":{"line":6,"column":25}},"6":{"start":{"line":7,"column":0},"end":{"line":7,"column":0}},"7":{"start":{"line":8,"column":0},"end":{"line":8,"column":14}},"8":{"start":{"line":9,"column":0},"end":{"line":9,"column":43}},"9":{"start":{"line":10,"column":0},"end":{"line":10,"column":5}},"10":{"start":{"line":11,"column":0},"end":{"line":11,"column":0}},"11":{"start":{"line":12,"column":0},"end":{"line":12,"column":50}},"12":{"start":{"line":13,"column":0},"end":{"line":13,"column":0}},"13":{"start":{"line":14,"column":0},"end":{"line":14,"column":93}},"14":{"start":{"line":15,"column":0},"end":{"line":15,"column":0}},"15":{"start":{"line":16,"column":0},"end":{"line":16,"column":31}},"16":{"start":{"line":17,"column":0},"end":{"line":17,"column":51}},"17":{"start":{"line":18,"column":0},"end":{"line":18,"column":5}},"18":{"start":{"line":19,"column":0},"end":{"line":19,"column":0}},"19":{"start":{"line":20,"column":0},"end":{"line":20,"column":56}},"20":{"start":{"line":21,"column":0},"end":{"line":21,"column":0}},"21":{"start":{"line":22,"column":0},"end":{"line":22,"column":16}},"22":{"start":{"line":23,"column":0},"end":{"line":23,"column":3}},"23":{"start":{"line":24,"column":0},"end":{"line":24,"column":1}},"24":{"start":{"line":25,"column":0},"end":{"line":25,"column":0}},"25":{"start":{"line":26,"column":0},"end":{"line":26,"column":8}},"26":{"start":{"line":27,"column":0},"end":{"line":27,"column":19}},"27":{"start":{"line":28,"column":0},"end":{"line":28,"column":2}}},"s":{"0":1,"1":1,"2":1,"3":1,"4":1,"5":1,"6":1,"7":1,"8":2,"9":2,"10":1,"11":1,"12":3,"13":3,"14":3,"15":3,"16":1,"17":1,"18":2,"19":2,"20":3,"21":3,"22":3,"23":1,"24":1,"25":1,"26":1,"27":1},"branchMap":{"0":{"type":"branch","line":6,"loc":{"start":{"line":6,"column":0},"end":{"line":24,"column":1}},"locations":[{"start":{"line":6,"column":0},"end":{"line":24,"column":1}}]},"1":{"type":"branch","line":8,"loc":{"start":{"line":8,"column":2},"end":{"line":10,"column":5}},"locations":[{"start":{"line":8,"column":2},"end":{"line":10,"column":5}}]},"2":{"type":"branch","line":12,"loc":{"start":{"line":12,"column":2},"end":{"line":23,"column":3}},"locations":[{"start":{"line":12,"column":2},"end":{"line":23,"column":3}}]},"3":{"type":"branch","line":14,"loc":{"start":{"line":14,"column":34},"end":{"line":14,"column":93}},"locations":[{"start":{"line":14,"column":34},"end":{"line":14,"column":93}}]},"4":{"type":"branch","line":16,"loc":{"start":{"line":16,"column":30},"end":{"line":18,"column":5}},"locations":[{"start":{"line":16,"column":30},"end":{"line":18,"column":5}}]},"5":{"type":"branch","line":19,"loc":{"start":{"line":19,"column":-1},"end":{"line":20,"column":56}},"locations":[{"start":{"line":19,"column":-1},"end":{"line":20,"column":56}}]}},"b":{"0":[1],"1":[2],"2":[3],"3":[3],"4":[1],"5":[2]},"fnMap":{"0":{"name":"CreateUserService","decl":{"start":{"line":8,"column":2},"end":{"line":10,"column":5}},"loc":{"start":{"line":8,"column":2},"end":{"line":10,"column":5}},"line":8},"1":{"name":"Object.<anonymous>.CreateUserService.execute","decl":{"start":{"line":12,"column":2},"end":{"line":23,"column":3}},"loc":{"start":{"line":12,"column":2},"end":{"line":23,"column":3}},"line":12}},"f":{"0":2,"1":3}}
}
