TN:
SF:src\modules\user\services\CreateUserService.ts
FN:8,CreateUserService
FN:12,Object.<anonymous>.CreateUserService.execute
FNF:2
FNH:2
FNDA:2,CreateUserService
FNDA:3,Object.<anonymous>.CreateUserService.execute
DA:1,1
DA:2,1
DA:3,1
DA:4,1
DA:5,1
DA:6,1
DA:7,1
DA:8,1
DA:9,2
DA:10,2
DA:11,1
DA:12,1
DA:13,3
DA:14,3
DA:15,3
DA:16,3
DA:17,1
DA:18,1
DA:19,2
DA:20,2
DA:21,3
DA:22,3
DA:23,3
DA:24,1
DA:25,1
DA:26,1
DA:27,1
DA:28,1
LF:28
LH:28
BRDA:6,0,0,1
BRDA:8,1,0,2
BRDA:12,2,0,3
BRDA:14,3,0,3
BRDA:16,4,0,1
BRDA:19,5,0,2
BRF:6
BRH:6
end_of_record
